glouvain,1k_03,3,985
glouvain,2k_03,3,7562
glouvain,3k_03,3,18056
glouvain,4k_03,3,45588
glouvain,1k_03,5,4796
glouvain,2k_03,5,19865
glouvain,3k_03,5,42188
glouvain,4k_03,5,142298
pmm,1k_03,3,10683
pmm,2k_03,3,35233
pmm,3k_03,3,77823
pmm,4k_03,3,124031
pmm,1k_03,5,22248
pmm,2k_03,5,64339
pmm,3k_03,5,132845
pmm,4k_03,5,232849
lart,1k_03_3,15838
lart,2k_03_3,104708
lart,3k_03_3,319204
lart,4k_03_3,716167
lart,1k_03_5,71212
lart,2k_03_5,389787
lart,3k_03_5,1082535
lart,4k_03_5,inf
glouvain,8k,3,197756
pmm,8k,3,636471
glouvain,10k,3,430482
